Command line:
   binary_cnt_isim_beh.exe
     -simmode  gui
     -simrunnum  1
     -socket  49889

Thu Mar  5 10:36:25 2020


 Elaboration Time: 0.03 sec

 Current Memory Usage: 200.217 Meg

 Total Signals          : 5
 Total Nets             : 13
 Total Signal Drivers   : 2
 Total Blocks           : 4
 Total Primitive Blocks : 4
 Total Processes        : 2
 Total Traceable Variables  : 11
 Total Scalar Nets and Variables : 392
Total Line Count : 5

 Total Simulation Time: 0.03 sec

 Current Memory Usage: 275.718 Meg

Thu Mar  5 10:36:38 2020

