Command line:
   Full_adder_tb_isim_beh.exe
     -simmode  gui
     -simrunnum  0
     -socket  54689

Thu Feb 27 11:08:33 2020


 Elaboration Time: 0.03 sec

 Current Memory Usage: 200.139 Meg

 Total Signals          : 21
 Total Nets             : 8
 Total Signal Drivers   : 8
 Total Blocks           : 5
 Total Primitive Blocks : 3
 Total Processes        : 6
 Total Traceable Variables  : 8
 Total Scalar Nets and Variables : 368
Total Line Count : 15

 Total Simulation Time: 0.03 sec

 Current Memory Usage: 275.64 Meg

Thu Feb 27 11:26:17 2020

