Command line:
   top_tb0_isim_beh.exe
     -simmode  gui
     -simrunnum  0
     -socket  45373

Thu Mar  5 11:30:03 2020


 Elaboration Time: 0.03 sec

 Current Memory Usage: 200.221 Meg

 Total Signals          : 21
 Total Nets             : 38
 Total Signal Drivers   : 7
 Total Blocks           : 8
 Total Primitive Blocks : 6
 Total Processes        : 7
 Total Traceable Variables  : 14
 Total Scalar Nets and Variables : 435
Total Line Count : 23

 Total Simulation Time: 0.03 sec

 Current Memory Usage: 275.722 Meg

Thu Mar  5 11:30:11 2020

