Release 14.7 - xst P.20131013 (lin64)
Copyright (c) 1995-2013 Xilinx, Inc.  All rights reserved.
--> 
Parameter TMPDIR set to xst/projnav.tmp


Total REAL time to Xst completion: 0.00 secs
Total CPU time to Xst completion: 0.07 secs
 
--> 
Parameter xsthdpdir set to xst


Total REAL time to Xst completion: 0.00 secs
Total CPU time to Xst completion: 0.07 secs
 
--> 
Reading design: clock_enable.prj

TABLE OF CONTENTS
  1) Synthesis Options Summary
  2) HDL Compilation
  3) Design Hierarchy Analysis
  4) HDL Analysis
  5) HDL Synthesis
     5.1) HDL Synthesis Report
  6) Advanced HDL Synthesis
     6.1) Advanced HDL Synthesis Report
  7) Low Level Synthesis
  8) Partition Report
  9) Final Report

=========================================================================
*                      Synthesis Options Summary                        *
=========================================================================
---- Source Parameters
Input File Name                    : "clock_enable.prj"
Input Format                       : mixed
Ignore Synthesis Constraint File   : NO

---- Target Parameters
Output File Name                   : "clock_enable"
Output Format                      : NGC
Target Device                      : CoolRunner2 CPLDs

---- Source Options
Top Module Name                    : clock_enable
Automatic FSM Extraction           : YES
FSM Encoding Algorithm             : Auto
Safe Implementation                : No
Mux Extraction                     : Yes
Resource Sharing                   : YES

---- Target Options
Add IO Buffers                     : YES
MACRO Preserve                     : YES
XOR Preserve                       : YES
Equivalent register Removal        : YES

---- General Options
Optimization Goal                  : Speed
Optimization Effort                : 1
Keep Hierarchy                     : Yes
Netlist Hierarchy                  : As_Optimized
RTL Output                         : Yes
Hierarchy Separator                : /
Bus Delimiter                      : <>
Case Specifier                     : Maintain
Verilog 2001                       : YES

---- Other Options
Clock Enable                       : YES
wysiwyg                            : NO

=========================================================================


=========================================================================
*                          HDL Compilation                              *
=========================================================================
Compiling vhdl file "/home/lab661/Documents/SzymutkoStejskal/Digital_electronics_1/LABS/05-counter_binary/binary_counter/clock_enable.vhd" in Library work.
Architecture behavioral of Entity clock_enable is up to date.

=========================================================================
*                     Design Hierarchy Analysis                         *
=========================================================================
Analyzing hierarchy for entity <clock_enable> in library <work> (architecture <behavioral>) with generics.
	g_NPERIOD = "0000000000000100"


=========================================================================
*                            HDL Analysis                               *
=========================================================================
Analyzing generic Entity <clock_enable> in library <work> (Architecture <behavioral>).
	g_NPERIOD = "0000000000000100"
Entity <clock_enable> analyzed. Unit <clock_enable> generated.


=========================================================================
*                           HDL Synthesis                               *
=========================================================================

Performing bidirectional port resolution...

Synthesizing Unit <clock_enable>.
    Related source file is "/home/lab661/Documents/SzymutkoStejskal/Digital_electronics_1/LABS/05-counter_binary/binary_counter/clock_enable.vhd".
    Found 1-bit register for signal <clock_enable_o>.
    Found 16-bit comparator less for signal <clock_enable_o$cmp_lt0000> created at line 50.
    Found 16-bit up counter for signal <s_cnt>.
    Found 16-bit comparator greatequal for signal <s_cnt$cmp_ge0000> created at line 50.
    Summary:
	inferred   1 Counter(s).
	inferred   2 Comparator(s).
Unit <clock_enable> synthesized.


=========================================================================
HDL Synthesis Report

Macro Statistics
# Counters                                             : 1
 16-bit up counter                                     : 1
# Registers                                            : 1
 1-bit register                                        : 1
# Comparators                                          : 2
 16-bit comparator greatequal                          : 1
 16-bit comparator less                                : 1

=========================================================================

=========================================================================
*                       Advanced HDL Synthesis                          *
=========================================================================


=========================================================================
Advanced HDL Synthesis Report

Macro Statistics
# Counters                                             : 1
 16-bit up counter                                     : 1

=========================================================================

=========================================================================
*                         Low Level Synthesis                           *
=========================================================================

Optimizing unit <clock_enable> ...
  implementation constraint: INIT=r	 : s_cnt_15
  implementation constraint: INIT=r	 : s_cnt_14
  implementation constraint: INIT=r	 : s_cnt_0
  implementation constraint: INIT=r	 : s_cnt_1
  implementation constraint: INIT=r	 : s_cnt_2
  implementation constraint: INIT=r	 : s_cnt_3
  implementation constraint: INIT=r	 : s_cnt_4
  implementation constraint: INIT=r	 : s_cnt_5
  implementation constraint: INIT=r	 : s_cnt_6
  implementation constraint: INIT=r	 : s_cnt_7
  implementation constraint: INIT=r	 : s_cnt_8
  implementation constraint: INIT=r	 : s_cnt_9
  implementation constraint: INIT=r	 : s_cnt_10
  implementation constraint: INIT=r	 : s_cnt_11
  implementation constraint: INIT=r	 : s_cnt_12
  implementation constraint: INIT=r	 : s_cnt_13

=========================================================================
*                           Partition Report                            *
=========================================================================

Partition Implementation Status
-------------------------------

  No Partitions were found in this design.

-------------------------------

=========================================================================
*                            Final Report                               *
=========================================================================
Final Results
RTL Top Level Output File Name     : clock_enable.ngr
Top Level Output File Name         : clock_enable
Output Format                      : NGC
Optimization Goal                  : Speed
Keep Hierarchy                     : Yes
Target Technology                  : CoolRunner2 CPLDs
Macro Preserve                     : YES
XOR Preserve                       : YES
Clock Enable                       : YES
wysiwyg                            : NO

Design Statistics
# IOs                              : 3

Cell Usage :
# BELS                             : 109
#      AND2                        : 32
#      AND3                        : 4
#      AND4                        : 2
#      AND7                        : 1
#      AND8                        : 3
#      INV                         : 49
#      OR2                         : 3
#      XOR2                        : 15
# FlipFlops/Latches                : 17
#      FD                          : 17
# IO Buffers                       : 3
#      IBUF                        : 2
#      OBUF                        : 1
=========================================================================


Total REAL time to Xst completion: 6.00 secs
Total CPU time to Xst completion: 5.24 secs
 
--> 


Total memory usage is 522020 kilobytes

Number of errors   :    0 (   0 filtered)
Number of warnings :    0 (   0 filtered)
Number of infos    :    0 (   0 filtered)

