Command line:
   binary_cnt_tb0_isim_beh.exe
     -simmode  gui
     -simrunnum  1
     -socket  50867

Thu Mar  5 10:50:41 2020


 Elaboration Time: 0.03 sec

 Current Memory Usage: 200.217 Meg

 Total Signals          : 9
 Total Nets             : 13
 Total Signal Drivers   : 5
 Total Blocks           : 5
 Total Primitive Blocks : 4
 Total Processes        : 4
 Total Traceable Variables  : 12
 Total Scalar Nets and Variables : 393
Total Line Count : 17

 Total Simulation Time: 0.03 sec

 Current Memory Usage: 275.718 Meg

Thu Mar  5 10:52:22 2020

